<?xml version="1.0" encoding="UTF-8"?>
<testng-results skipped="0" failed="0" ignored="0" total="1" passed="1">
  <reporter-output>
  </reporter-output>
  <suite name="Default suite" duration-ms="38071" started-at="2017-09-08T03:42:25Z" finished-at="2017-09-08T03:43:03Z">
    <groups>
    </groups>
    <test name="Default test" duration-ms="38071" started-at="2017-09-08T03:42:25Z" finished-at="2017-09-08T03:43:03Z">
      <class name="com.TestScript.LoginModule">
        <test-method status="PASS" signature="setup()[pri:0, instance:com.TestScript.LoginModule@3ffc5af1]" name="setup" is-config="true" duration-ms="11944" started-at="2017-09-08T09:12:25Z" finished-at="2017-09-08T09:12:37Z">
          <reporter-output>
          </reporter-output>
        </test-method> <!-- setup -->
        <test-method status="PASS" signature="Logintoappli()[pri:1, instance:com.TestScript.LoginModule@3ffc5af1]" name="Logintoappli" duration-ms="26102" started-at="2017-09-08T09:12:37Z" finished-at="2017-09-08T09:13:03Z">
          <reporter-output>
          </reporter-output>
        </test-method> <!-- Logintoappli -->
        <test-method status="PASS" signature="teardown()[pri:0, instance:com.TestScript.LoginModule@3ffc5af1]" name="teardown" is-config="true" duration-ms="0" started-at="2017-09-08T09:13:03Z" finished-at="2017-09-08T09:13:03Z">
          <reporter-output>
          </reporter-output>
        </test-method> <!-- teardown -->
      </class> <!-- com.TestScript.LoginModule -->
    </test> <!-- Default test -->
  </suite> <!-- Default suite -->
</testng-results>
